autoscan: warning: missing AC_CHECK_FUNCS([gethostbyname]) wanted by: 
	oss/ossSocket.cpp:49
	oss/ossSocket.cpp:145
autoscan: warning: missing AC_CHECK_FUNCS([gethostname]) wanted by: 
	oss/ossSocket.cpp:617
autoscan: warning: missing AC_CHECK_FUNCS([gettimeofday]) wanted by: 
	pd/pd.cpp:106
autoscan: warning: missing AC_CHECK_FUNCS([select]) wanted by: 
	oss/ossSocket.cpp:212
	oss/ossSocket.cpp:283
	oss/ossSocket.cpp:375
	oss/ossSocket.cpp:492
autoscan: warning: missing AC_CHECK_FUNCS([socket]) wanted by: 
	include/ossSocket.h:39
	oss/ossSocket.cpp:4
	oss/ossSocket.cpp:21
	oss/ossSocket.cpp:107
autoscan: warning: missing AC_CHECK_HEADERS([arpa/inet.h]) wanted by: 
	include/core.h:21
autoscan: warning: missing AC_CHECK_HEADERS([fcntl.h]) wanted by: 
	include/core.h:14
autoscan: warning: missing AC_CHECK_HEADERS([netdb.h]) wanted by: 
	include/core.h:22
autoscan: warning: missing AC_CHECK_HEADERS([netinet/in.h]) wanted by: 
	include/core.h:20
autoscan: warning: missing AC_CHECK_HEADERS([sys/socket.h]) wanted by: 
	include/core.h:19
autoscan: warning: missing AC_CHECK_HEADERS([sys/time.h]) wanted by: 
	include/core.h:9
autoscan: warning: missing AC_TYPE_SSIZE_T wanted by: 
	oss/ossPrimitiveFileOp.cpp:106
